Array
(
    [sql] => SELECT * FROM x2_basic WHERE  find_in_set(basicid,:ids)  LIMIT 512
    [v] => Array
        (
            [ids] => 5
        )

)
Array
(
    [0] => 00000
    [1] => 
    [2] => 
)
Array
(
    [sql] => SELECT * FROM x2_session WHERE  sessionid = :sessionid  LIMIT 512
    [v] => Array
        (
            [sessionid] => d355ce5b64a58f9373507cb2183c1f3b
        )

)
Array
(
    [0] => 00000
    [1] => 
    [2] => 
)
Array
(
    [sql] => SELECT * FROM x2_user AS user,x2_user_group AS user_group WHERE  user.userid = :id  AND user.usergroupid = user_group.groupid  LIMIT 512
    [v] => Array
        (
            [id] => 
        )

)
Array
(
    [0] => 00000
    [1] => 
    [2] => 
)
Array
(
    [sql] => SELECT * FROM x2_category WHERE  catparent = '0'  AND catapp = :catapp  ORDER BY catlite DESC,catid DESC
    [v] => Array
        (
            [catapp] => content
        )

)
Array
(
    [0] => 00000
    [1] => 
    [2] => 
)
Array
(
    [sql] => SELECT * FROM x2_category WHERE  catindex > 0  AND catapp = :catapp  ORDER BY catlite DESC,catid DESC
    [v] => Array
        (
            [catapp] => content
        )

)
Array
(
    [0] => 00000
    [1] => 
    [2] => 
)
Array
(
    [sql] => SELECT * FROM x2_category WHERE  catapp = :catapp  ORDER BY catlite DESC,catid DESC
    [v] => Array
        (
            [catapp] => content
        )

)
Array
(
    [0] => 00000
    [1] => 
    [2] => 
)
Array
(
    [sql] => SELECT * FROM x2_content WHERE  find_in_set(contentcatid,:catstring)  ORDER BY contentsequence DESC,contentinputtime DESC,contentid DESC LIMIT 0,5
    [v] => Array
        (
            [catstring] => 4,11
        )

)
Array
(
    [0] => 00000
    [1] => 
    [2] => 
)
Array
(
    [sql] => SELECT count(*) AS number FROM x2_content WHERE  find_in_set(contentcatid,:catstring)  LIMIT 512
    [v] => Array
        (
            [catstring] => 4,11
        )

)
Array
(
    [0] => 00000
    [1] => 
    [2] => 
)
Array
(
    [sql] => SELECT * FROM x2_content WHERE  find_in_set(contentcatid,:catstring)  ORDER BY contentsequence DESC,contentinputtime DESC,contentid DESC LIMIT 0,5
    [v] => Array
        (
            [catstring] => 3
        )

)
Array
(
    [0] => 00000
    [1] => 
    [2] => 
)
Array
(
    [sql] => SELECT count(*) AS number FROM x2_content WHERE  find_in_set(contentcatid,:catstring)  LIMIT 512
    [v] => Array
        (
            [catstring] => 3
        )

)
Array
(
    [0] => 00000
    [1] => 
    [2] => 
)
Array
(
    [sql] => SELECT * FROM x2_content WHERE  find_in_set(contentcatid,:catstring)  ORDER BY contentsequence DESC,contentinputtime DESC,contentid DESC LIMIT 0,100
    [v] => Array
        (
            [catstring] => 2
        )

)
Array
(
    [0] => 00000
    [1] => 
    [2] => 
)
Array
(
    [sql] => SELECT count(*) AS number FROM x2_content WHERE  find_in_set(contentcatid,:catstring)  LIMIT 512
    [v] => Array
        (
            [catstring] => 2
        )

)
Array
(
    [0] => 00000
    [1] => 
    [2] => 
)
Array
(
    [sql] => SELECT * FROM x2_content WHERE  find_in_set(contentcatid,:catstring)  ORDER BY contentsequence DESC,contentinputtime DESC,contentid DESC LIMIT 0,1
    [v] => Array
        (
            [catstring] => 1
        )

)
Array
(
    [0] => 00000
    [1] => 
    [2] => 
)
Array
(
    [sql] => SELECT count(*) AS number FROM x2_content WHERE  find_in_set(contentcatid,:catstring)  LIMIT 512
    [v] => Array
        (
            [catstring] => 1
        )

)
Array
(
    [0] => 00000
    [1] => 
    [2] => 
)
Array
(
    [sql] => SELECT * FROM x2_category WHERE  catparent = '0'  AND catapp = :catapp  ORDER BY catlite DESC,catid DESC
    [v] => Array
        (
            [catapp] => course
        )

)
Array
(
    [0] => 00000
    [1] => 
    [2] => 
)
Array
(
    [sql] => SELECT * FROM x2_coursesubject WHERE  find_in_set(cscatid,:cscatid)  ORDER BY cstime DESC,csid DESC LIMIT 0,6
    [v] => Array
        (
            [cscatid] => 15
        )

)
Array
(
    [0] => 00000
    [1] => 
    [2] => 
)
Array
(
    [sql] => SELECT count(*) AS number FROM x2_coursesubject WHERE  find_in_set(cscatid,:cscatid)  LIMIT 512
    [v] => Array
        (
            [cscatid] => 15
        )

)
Array
(
    [0] => 00000
    [1] => 
    [2] => 
)
Array
(
    [sql] => SELECT * FROM x2_coursesubject WHERE  find_in_set(cscatid,:cscatid)  ORDER BY cstime DESC,csid DESC LIMIT 0,6
    [v] => Array
        (
            [cscatid] => 13
        )

)
Array
(
    [0] => 00000
    [1] => 
    [2] => 
)
Array
(
    [sql] => SELECT count(*) AS number FROM x2_coursesubject WHERE  find_in_set(cscatid,:cscatid)  LIMIT 512
    [v] => Array
        (
            [cscatid] => 13
        )

)
Array
(
    [0] => 00000
    [1] => 
    [2] => 
)
Array
(
    [sql] => SELECT * FROM x2_coursesubject WHERE  find_in_set(cscatid,:cscatid)  ORDER BY cstime DESC,csid DESC LIMIT 0,6
    [v] => Array
        (
            [cscatid] => 5
        )

)
Array
(
    [0] => 00000
    [1] => 
    [2] => 
)
Array
(
    [sql] => SELECT count(*) AS number FROM x2_coursesubject WHERE  find_in_set(cscatid,:cscatid)  LIMIT 512
    [v] => Array
        (
            [cscatid] => 5
        )

)
Array
(
    [0] => 00000
    [1] => 
    [2] => 
)
Array
(
    [sql] => SELECT * FROM x2_coursesubject WHERE 1 ORDER BY cstime DESC,csid DESC LIMIT 0,8
    [v] => 
)
Array
(
    [0] => 00000
    [1] => 
    [2] => 
)
Array
(
    [sql] => SELECT count(*) AS number FROM x2_coursesubject WHERE 1 LIMIT 512
    [v] => 
)
Array
(
    [0] => 00000
    [1] => 
    [2] => 
)
Array
(
    [sql] => SELECT count(*) AS number,ehbasicid FROM x2_examhistory WHERE  ehstarttime >= :ehstarttime  GROUP BY ehbasicid ORDER BY number DESC LIMIT 6
    [v] => Array
        (
            [ehstarttime] => 1526701051
        )

)
Array
(
    [0] => 00000
    [1] => 
    [2] => 
)
Array
(
    [sql] => SELECT * FROM x2_basic WHERE  find_in_set(basicid,:ids)  LIMIT 512
    [v] => Array
        (
            [ids] => 5
        )

)
Array
(
    [0] => 00000
    [1] => 
    [2] => 
)
Array
(
    [sql] => SHOW FULL COLUMNS FROM  `x2_session`
)
Array
(
    [0] => 00000
    [1] => 
    [2] => 
)
Array
(
    [sql] => UPDATE x2_session SET sessionlasttime = :sessionlasttime WHERE 1 AND sessionid = :sessionid  LIMIT 512
    [v] => Array
        (
            [sessionlasttime] => 1528429051
            [sessionid] => d355ce5b64a58f9373507cb2183c1f3b
        )

)
Array
(
    [0] => 00000
    [1] => 
    [2] => 
)
Array
(
    [sql] => SELECT * FROM x2_session WHERE  sessionid = :sessionid  LIMIT 512
    [v] => Array
        (
            [sessionid] => d355ce5b64a58f9373507cb2183c1f3b
        )

)
Array
(
    [0] => 00000
    [1] => 
    [2] => 
)
Array
(
    [sql] => SHOW FULL COLUMNS FROM  `x2_session`
)
Array
(
    [0] => 00000
    [1] => 
    [2] => 
)
Array
(
    [sql] => UPDATE x2_session SET sessionlasttime = :sessionlasttime WHERE 1 AND sessionid = :sessionid  LIMIT 512
    [v] => Array
        (
            [sessionlasttime] => 1528429096
            [sessionid] => d355ce5b64a58f9373507cb2183c1f3b
        )

)
Array
(
    [0] => 00000
    [1] => 
    [2] => 
)
Array
(
    [sql] => SELECT * FROM x2_session WHERE  sessionid = :sessionid  LIMIT 512
    [v] => Array
        (
            [sessionid] => d355ce5b64a58f9373507cb2183c1f3b
        )

)
Array
(
    [0] => 00000
    [1] => 
    [2] => 
)
Array
(
    [sql] => SELECT * FROM x2_user_group WHERE 1 ORDER BY groupid DESC
    [v] => 
)
Array
(
    [0] => 00000
    [1] => 
    [2] => 
)
Array
(
    [sql] => SELECT * FROM x2_app WHERE  appid = :appid  LIMIT 512
    [v] => Array
        (
            [appid] => user
        )

)
Array
(
    [0] => 00000
    [1] => 
    [2] => 
)
Array
(
    [sql] => SHOW FULL COLUMNS FROM  `x2_session`
)
Array
(
    [0] => 00000
    [1] => 
    [2] => 
)
Array
(
    [sql] => UPDATE x2_session SET sessionlasttime = :sessionlasttime WHERE 1 AND sessionid = :sessionid  LIMIT 512
    [v] => Array
        (
            [sessionlasttime] => 1528429096
            [sessionid] => d355ce5b64a58f9373507cb2183c1f3b
        )

)
Array
(
    [0] => 00000
    [1] => 
    [2] => 
)
Array
(
    [sql] => SELECT * FROM x2_session WHERE  sessionid = :sessionid  LIMIT 512
    [v] => Array
        (
            [sessionid] => d355ce5b64a58f9373507cb2183c1f3b
        )

)
Array
(
    [0] => 00000
    [1] => 
    [2] => 
)
Array
(
    [sql] => SELECT * FROM x2_user AS user,x2_user_group AS user_group WHERE  user.userid = :id  AND user.usergroupid = user_group.groupid  LIMIT 512
    [v] => Array
        (
            [id] => 
        )

)
Array
(
    [0] => 00000
    [1] => 
    [2] => 
)
Array
(
    [sql] => SELECT * FROM x2_category WHERE  catparent = '0'  AND catapp = :catapp  ORDER BY catlite DESC,catid DESC
    [v] => Array
        (
            [catapp] => content
        )

)
Array
(
    [0] => 00000
    [1] => 
    [2] => 
)
Array
(
    [sql] => SELECT * FROM x2_category WHERE  catindex > 0  AND catapp = :catapp  ORDER BY catlite DESC,catid DESC
    [v] => Array
        (
            [catapp] => content
        )

)
Array
(
    [0] => 00000
    [1] => 
    [2] => 
)
Array
(
    [sql] => SELECT * FROM x2_category WHERE  catapp = :catapp  ORDER BY catlite DESC,catid DESC
    [v] => Array
        (
            [catapp] => content
        )

)
Array
(
    [0] => 00000
    [1] => 
    [2] => 
)
Array
(
    [sql] => SELECT * FROM x2_content WHERE  find_in_set(contentcatid,:catstring)  ORDER BY contentsequence DESC,contentinputtime DESC,contentid DESC LIMIT 0,5
    [v] => Array
        (
            [catstring] => 4,11
        )

)
Array
(
    [0] => 00000
    [1] => 
    [2] => 
)
Array
(
    [sql] => SELECT count(*) AS number FROM x2_content WHERE  find_in_set(contentcatid,:catstring)  LIMIT 512
    [v] => Array
        (
            [catstring] => 4,11
        )

)
Array
(
    [0] => 00000
    [1] => 
    [2] => 
)
Array
(
    [sql] => SELECT * FROM x2_content WHERE  find_in_set(contentcatid,:catstring)  ORDER BY contentsequence DESC,contentinputtime DESC,contentid DESC LIMIT 0,5
    [v] => Array
        (
            [catstring] => 3
        )

)
Array
(
    [0] => 00000
    [1] => 
    [2] => 
)
Array
(
    [sql] => SELECT count(*) AS number FROM x2_content WHERE  find_in_set(contentcatid,:catstring)  LIMIT 512
    [v] => Array
        (
            [catstring] => 3
        )

)
Array
(
    [0] => 00000
    [1] => 
    [2] => 
)
Array
(
    [sql] => SELECT * FROM x2_content WHERE  find_in_set(contentcatid,:catstring)  ORDER BY contentsequence DESC,contentinputtime DESC,contentid DESC LIMIT 0,100
    [v] => Array
        (
            [catstring] => 2
        )

)
Array
(
    [0] => 00000
    [1] => 
    [2] => 
)
Array
(
    [sql] => SELECT count(*) AS number FROM x2_content WHERE  find_in_set(contentcatid,:catstring)  LIMIT 512
    [v] => Array
        (
            [catstring] => 2
        )

)
Array
(
    [0] => 00000
    [1] => 
    [2] => 
)
Array
(
    [sql] => SELECT * FROM x2_content WHERE  find_in_set(contentcatid,:catstring)  ORDER BY contentsequence DESC,contentinputtime DESC,contentid DESC LIMIT 0,1
    [v] => Array
        (
            [catstring] => 1
        )

)
Array
(
    [0] => 00000
    [1] => 
    [2] => 
)
Array
(
    [sql] => SELECT count(*) AS number FROM x2_content WHERE  find_in_set(contentcatid,:catstring)  LIMIT 512
    [v] => Array
        (
            [catstring] => 1
        )

)
Array
(
    [0] => 00000
    [1] => 
    [2] => 
)
Array
(
    [sql] => SELECT * FROM x2_category WHERE  catparent = '0'  AND catapp = :catapp  ORDER BY catlite DESC,catid DESC
    [v] => Array
        (
            [catapp] => course
        )

)
Array
(
    [0] => 00000
    [1] => 
    [2] => 
)
Array
(
    [sql] => SELECT * FROM x2_coursesubject WHERE  find_in_set(cscatid,:cscatid)  ORDER BY cstime DESC,csid DESC LIMIT 0,6
    [v] => Array
        (
            [cscatid] => 15
        )

)
Array
(
    [0] => 00000
    [1] => 
    [2] => 
)
Array
(
    [sql] => SELECT count(*) AS number FROM x2_coursesubject WHERE  find_in_set(cscatid,:cscatid)  LIMIT 512
    [v] => Array
        (
            [cscatid] => 15
        )

)
Array
(
    [0] => 00000
    [1] => 
    [2] => 
)
Array
(
    [sql] => SELECT * FROM x2_coursesubject WHERE  find_in_set(cscatid,:cscatid)  ORDER BY cstime DESC,csid DESC LIMIT 0,6
    [v] => Array
        (
            [cscatid] => 13
        )

)
Array
(
    [0] => 00000
    [1] => 
    [2] => 
)
Array
(
    [sql] => SELECT count(*) AS number FROM x2_coursesubject WHERE  find_in_set(cscatid,:cscatid)  LIMIT 512
    [v] => Array
        (
            [cscatid] => 13
        )

)
Array
(
    [0] => 00000
    [1] => 
    [2] => 
)
Array
(
    [sql] => SELECT * FROM x2_coursesubject WHERE  find_in_set(cscatid,:cscatid)  ORDER BY cstime DESC,csid DESC LIMIT 0,6
    [v] => Array
        (
            [cscatid] => 5
        )

)
Array
(
    [0] => 00000
    [1] => 
    [2] => 
)
Array
(
    [sql] => SELECT count(*) AS number FROM x2_coursesubject WHERE  find_in_set(cscatid,:cscatid)  LIMIT 512
    [v] => Array
        (
            [cscatid] => 5
        )

)
Array
(
    [0] => 00000
    [1] => 
    [2] => 
)
Array
(
    [sql] => SELECT * FROM x2_coursesubject WHERE 1 ORDER BY cstime DESC,csid DESC LIMIT 0,8
    [v] => 
)
Array
(
    [0] => 00000
    [1] => 
    [2] => 
)
Array
(
    [sql] => SELECT count(*) AS number FROM x2_coursesubject WHERE 1 LIMIT 512
    [v] => 
)
Array
(
    [0] => 00000
    [1] => 
    [2] => 
)
Array
(
    [sql] => SELECT count(*) AS number,ehbasicid FROM x2_examhistory WHERE  ehstarttime >= :ehstarttime  GROUP BY ehbasicid ORDER BY number DESC LIMIT 6
    [v] => Array
        (
            [ehstarttime] => 1526701102
        )

)
Array
(
    [0] => 00000
    [1] => 
    [2] => 
)
Array
(
    [sql] => SELECT * FROM x2_basic WHERE  find_in_set(basicid,:ids)  LIMIT 512
    [v] => Array
        (
            [ids] => 5
        )

)
Array
(
    [0] => 00000
    [1] => 
    [2] => 
)
Array
(
    [sql] => SHOW FULL COLUMNS FROM  `x2_session`
)
Array
(
    [0] => 00000
    [1] => 
    [2] => 
)
Array
(
    [sql] => UPDATE x2_session SET sessionlasttime = :sessionlasttime WHERE 1 AND sessionid = :sessionid  LIMIT 512
    [v] => Array
        (
            [sessionlasttime] => 1528429102
            [sessionid] => d355ce5b64a58f9373507cb2183c1f3b
        )

)
Array
(
    [0] => 00000
    [1] => 
    [2] => 
)
